TN:
SF:src/action-io.ts
FN:19,parseActionInputs
FN:36,getRepositoryContext
FN:45,setActionOutputs
FN:50,(anonymous_12)
FN:52,(anonymous_13)
FN:61,logAnalysisResults
FNF:6
FNH:6
FNDA:10,parseActionInputs
FNDA:6,getRepositoryContext
FNDA:5,setActionOutputs
FNDA:6,(anonymous_12)
FNDA:6,(anonymous_13)
FNDA:5,logAnalysisResults
DA:1,2
DA:2,2
DA:19,2
DA:20,10
DA:21,10
DA:22,10
DA:24,10
DA:25,2
DA:28,8
DA:36,2
DA:37,6
DA:38,6
DA:45,2
DA:47,5
DA:50,6
DA:51,5
DA:52,6
DA:55,5
DA:56,5
DA:57,5
DA:61,2
DA:62,5
DA:65,5
DA:66,8
DA:67,3
DA:69,5
LF:26
LH:26
BRDA:20,0,0,10
BRDA:20,0,1,1
BRDA:21,1,0,10
BRDA:21,1,1,2
BRDA:24,2,0,2
BRDA:51,3,0,3
BRDA:51,3,1,2
BRDA:66,4,0,3
BRDA:66,4,1,5
BRF:9
BRH:9
end_of_record
TN:
SF:src/analysis-service.ts
FN:12,(anonymous_0)
FN:15,(anonymous_1)
FN:39,(anonymous_2)
FN:56,(anonymous_3)
FNF:4
FNH:4
FNDA:13,(anonymous_0)
FNDA:12,(anonymous_1)
FNDA:7,(anonymous_2)
FNDA:6,(anonymous_3)
DA:2,2
DA:11,2
DA:12,13
DA:20,12
DA:22,12
DA:25,8
DA:28,4
DA:44,7
DA:47,7
DA:48,7
DA:49,7
DA:52,7
DA:63,6
DA:66,5
DA:69,5
DA:71,5
LF:16
LH:16
BRDA:33,0,0,3
BRDA:33,0,1,1
BRF:2
BRH:2
end_of_record
TN:
SF:src/core.ts
FN:58,parseTimeWindow
FN:80,calculateCheckSuiteStats
FN:112,calculateWallToWallDuration
FN:117,(anonymous_3)
FN:118,(anonymous_4)
FN:127,formatCommitData
FN:141,createCommitAnalysis
FN:162,calculateSummary
FN:165,(anonymous_8)
FN:166,(anonymous_9)
FNF:10
FNH:10
FNDA:17,parseTimeWindow
FNDA:17,calculateCheckSuiteStats
FNDA:18,calculateWallToWallDuration
FNDA:16,(anonymous_3)
FNDA:16,(anonymous_4)
FNDA:14,formatCommitData
FNDA:12,createCommitAnalysis
FNDA:9,calculateSummary
FNDA:13,(anonymous_8)
FNDA:13,(anonymous_9)
DA:58,3
DA:59,17
DA:60,17
DA:61,17
DA:63,17
DA:64,7
DA:67,10
DA:68,10
DA:70,10
DA:71,8
DA:72,2
DA:73,2
DA:76,0
DA:80,3
DA:81,17
DA:89,17
DA:90,21
DA:92,10
DA:93,10
DA:97,6
DA:98,6
DA:100,1
DA:101,1
DA:103,4
DA:104,4
DA:108,17
DA:112,3
DA:113,18
DA:114,6
DA:117,16
DA:118,16
DA:120,12
DA:121,12
DA:123,12
DA:127,3
DA:132,14
DA:141,3
DA:148,12
DA:149,12
DA:150,12
DA:152,12
DA:162,3
DA:163,9
DA:165,13
DA:166,13
LF:45
LH:44
BRDA:63,0,0,7
BRDA:70,1,0,8
BRDA:70,1,1,2
BRDA:72,2,0,2
BRDA:90,3,0,10
BRDA:90,3,1,4
BRDA:90,3,2,5
BRDA:90,3,3,6
BRDA:90,3,4,1
BRDA:90,3,5,4
BRDA:113,4,0,6
BRDA:165,5,0,13
BRDA:165,5,1,10
BRDA:166,6,0,13
BRDA:166,6,1,10
BRF:15
BRH:15
end_of_record
TN:
SF:src/github-client.ts
FN:14,(anonymous_9)
FN:18,(anonymous_10)
FN:54,(anonymous_11)
FN:70,createGitHubClient
FNF:4
FNH:4
FNDA:4,(anonymous_9)
FNDA:4,(anonymous_10)
FNDA:4,(anonymous_11)
FNDA:4,createGitHubClient
DA:1,1
DA:11,1
DA:15,4
DA:24,4
DA:25,4
DA:26,4
DA:28,4
DA:29,4
DA:38,3
DA:39,1
DA:42,2
DA:44,2
DA:45,2
DA:48,0
DA:51,3
DA:59,4
DA:65,3
DA:70,1
DA:71,4
LF:19
LH:18
BRDA:38,0,0,1
BRDA:44,1,0,2
BRF:2
BRH:2
end_of_record
TN:
SF:src/index.ts
FN:13,run
FNF:1
FNH:1
FNDA:6,run
DA:1,1
DA:2,1
DA:3,1
DA:4,1
DA:5,1
DA:13,1
DA:14,6
DA:16,6
DA:17,5
DA:19,5
DA:22,5
DA:23,4
DA:26,4
DA:29,4
DA:32,4
DA:35,3
DA:36,1
DA:37,1
DA:38,1
DA:42,2
DA:45,2
DA:48,3
DA:53,1
DA:54,0
DA:58,1
DA:59,1
DA:60,1
DA:61,1
LF:28
LH:27
BRDA:35,0,0,1
BRDA:48,1,0,3
BRDA:48,1,1,0
BRDA:53,2,0,0
BRF:4
BRH:2
end_of_record
